Arguments: 
  /home/kasper/.asdf/installs/nodejs/20.8.0/bin/node /home/kasper/.asdf/installs/yarn/1.22.19/bin/yarn.js init

PATH: 
  /home/kasper/.asdf/plugins/nodejs/shims:/home/kasper/.asdf/installs/nodejs/20.8.0/bin:/home/kasper/.asdf/installs/yarn/1.22.19/bin:/home/kasper/.asdf/shims:/home/kasper/.asdf/bin:/usr/local/sbin:/usr/local/bin:/usr/sbin:/usr/bin:/sbin:/bin:/usr/games:/usr/local/games:/snap/bin:/snap/bin

Yarn version: 
  1.22.19

Node version: 
  20.8.0

Platform: 
  linux x64

Trace: 
  Error: canceled
      at Interface.<anonymous> (/home/kasper/.asdf/installs/yarn/1.22.19/lib/cli.js:137150:13)
      at Interface.emit (node:events:514:28)
      at [_ttyWrite] [as _ttyWrite] (node:internal/readline/interface:1125:18)
      at ReadStream.onkeypress (node:internal/readline/interface:264:20)
      at ReadStream.emit (node:events:514:28)
      at emitKeys (node:internal/readline/utils:371:14)
      at emitKeys.next (<anonymous>)
      at ReadStream.onData (node:internal/readline/emitKeypressEvents:64:36)
      at ReadStream.emit (node:events:514:28)
      at addChunk (node:internal/streams/readable:376:12)

npm manifest: 
  No manifest

yarn manifest: 
  No manifest

Lockfile: 
  No lockfile
